File: CONTCAR-finish
Space group: P4/mmm (No. 123)
Number of symmetry operations: 16
Symmetry operations:
Rot:
[[1. 0. 0.]
 [0. 1. 0.]
 [0. 0. 1.]]
tau
[0. 0. 0.]
Rot:
[[-1.  0.  0.]
 [ 0. -1.  0.]
 [ 0.  0. -1.]]
tau
[0. 0. 0.]
Rot:
[[ 0. -1.  0.]
 [ 1.  0.  0.]
 [ 0.  0.  1.]]
tau
[0. 0. 0.]
Rot:
[[ 0.  1.  0.]
 [-1.  0.  0.]
 [ 0.  0. -1.]]
tau
[0. 0. 0.]
Rot:
[[-1.  0.  0.]
 [ 0. -1.  0.]
 [ 0.  0.  1.]]
tau
[0. 0. 0.]
Rot:
[[ 1.  0.  0.]
 [ 0.  1.  0.]
 [ 0.  0. -1.]]
tau
[0. 0. 0.]
Rot:
[[ 0.  1.  0.]
 [-1.  0.  0.]
 [ 0.  0.  1.]]
tau
[0. 0. 0.]
Rot:
[[ 0. -1.  0.]
 [ 1.  0.  0.]
 [ 0.  0. -1.]]
tau
[0. 0. 0.]
Rot:
[[ 1.  0.  0.]
 [ 0. -1.  0.]
 [ 0.  0. -1.]]
tau
[0. 0. 0.]
Rot:
[[-1.  0.  0.]
 [ 0.  1.  0.]
 [ 0.  0.  1.]]
tau
[0. 0. 0.]
Rot:
[[ 0. -1.  0.]
 [-1.  0.  0.]
 [ 0.  0. -1.]]
tau
[0. 0. 0.]
Rot:
[[0. 1. 0.]
 [1. 0. 0.]
 [0. 0. 1.]]
tau
[0. 0. 0.]
Rot:
[[-1.  0.  0.]
 [ 0.  1.  0.]
 [ 0.  0. -1.]]
tau
[0. 0. 0.]
Rot:
[[ 1.  0.  0.]
 [ 0. -1.  0.]
 [ 0.  0.  1.]]
tau
[0. 0. 0.]
Rot:
[[ 0.  1.  0.]
 [ 1.  0.  0.]
 [ 0.  0. -1.]]
tau
[0. 0. 0.]
Rot:
[[ 0. -1.  0.]
 [-1.  0.  0.]
 [ 0.  0.  1.]]
tau
[0. 0. 0.]

Conventional Structure:
Full Formula (Ca1 Cd1 O2)
Reduced Formula: CaCdO2
abc   :   3.366556   3.366556   4.743432
angles:  90.000000  90.000000  90.000000
pbc   :       True       True       True
Sites (4)
  #  SP      a    b    c
---  ----  ---  ---  ---
  0  Ca    0.5  0.5  0.5
  1  Cd    0    0    0
  2  O     0.5  0.5  0
  3  O     0    0    0.5

Primitive Structure:
Full Formula (Ca1 Cd1 O2)
Reduced Formula: CaCdO2
abc   :   3.366556   3.366556   4.743432
angles:  90.000000  90.000000  90.000000
pbc   :       True       True       True
Sites (4)
  #  SP      a    b    c
---  ----  ---  ---  ---
  0  Ca    0.5  0.5  0.5
  1  Cd    0    0    0
  2  O     0.5  0.5  0
  3  O     0    0    0.5
