24
3.35515
2
0.50000 1.00000 0.50000 0 0
0.00000 1.00000 0.00000 0 0

12
4.74490
2
0.50000 0.50000 1.00000 0 0
0.50000 0.50000 0.00000 0 0

32
3.35515
3
1.00000 0.50000 0.50000 0 0
1.50000 0.50000 0.00000 0 0
1.00000 0.00000 0.00000 0 0

48
4.74490
3
0.50000 0.50000 1.00000 0 0
0.50000 0.00000 0.50000 0 0
0.50000 0.50000 0.00000 0 0

8
3.35515
4
1.00000 0.50000 0.50000 0 0
1.50000 0.00000 0.50000 0 0
1.50000 0.50000 0.00000 0 0
1.00000 0.00000 0.00000 0 0

48
4.74490
4
0.50000 0.50000 1.00000 0 0
0.00000 0.50000 0.50000 0 0
0.50000 0.00000 0.50000 0 0
0.50000 0.50000 0.00000 0 0

12
4.74490
4
0.50000 0.50000 1.00000 0 0
0.50000 1.00000 0.50000 0 0
0.50000 0.00000 0.50000 0 0
0.50000 0.50000 0.00000 0 0

