File: CONTCAR-finish
Space group: Cmcm (No. 63)
Number of symmetry operations: 8
Symmetry operations:
Rot:
[[1. 0. 0.]
 [0. 1. 0.]
 [0. 0. 1.]]
tau
[0. 0. 0.]
Rot:
[[-1.  0.  0.]
 [ 0. -1.  0.]
 [ 0.  0. -1.]]
tau
[0. 0. 0.]
Rot:
[[-1.  0.  0.]
 [ 0. -1.  0.]
 [ 0.  0.  1.]]
tau
[0.  0.  0.5]
Rot:
[[ 1.  0.  0.]
 [ 0.  1.  0.]
 [ 0.  0. -1.]]
tau
[0.  0.  0.5]
Rot:
[[ 0.  1.  0.]
 [ 1.  0.  0.]
 [ 0.  0. -1.]]
tau
[0. 0. 0.]
Rot:
[[ 0. -1.  0.]
 [-1.  0.  0.]
 [ 0.  0.  1.]]
tau
[0. 0. 0.]
Rot:
[[ 0. -1.  0.]
 [-1.  0.  0.]
 [ 0.  0. -1.]]
tau
[0.  0.  0.5]
Rot:
[[0. 1. 0.]
 [1. 0. 0.]
 [0. 0. 1.]]
tau
[0.  0.  0.5]

Conventional Structure:
Full Formula (Cr4 Cd4 O16)
Reduced Formula: CrCdO4
abc   :   5.677136   8.844324   7.070672
angles:  90.000000  90.000000  90.000000
pbc   :       True       True       True
Sites (24)
  #  SP           a         b         c
---  ----  --------  --------  --------
  0  Cr    0.5       0.85774   0.25
  1  Cr    0.5       0.14226   0.75
  2  Cr    0         0.35774   0.25
  3  Cr    0         0.64226   0.75
  4  Cd    0         0         0.5
  5  Cd    0         0         0
  6  Cd    0.5       0.5       0.5
  7  Cd    0.5       0.5       0
  8  O     0.742621  0.034327  0.75
  9  O     0.257379  0.965673  0.25
 10  O     0.742621  0.965673  0.25
 11  O     0.257379  0.034327  0.75
 12  O     0.5       0.246932  0.936905
 13  O     0.5       0.753068  0.436905
 14  O     0.5       0.753068  0.063095
 15  O     0.5       0.246932  0.563095
 16  O     0.242621  0.534327  0.75
 17  O     0.757379  0.465673  0.25
 18  O     0.242621  0.465673  0.25
 19  O     0.757379  0.534327  0.75
 20  O     0         0.746932  0.936905
 21  O     0         0.253068  0.436905
 22  O     0         0.253068  0.063095
 23  O     0         0.746932  0.563095

Primitive Structure:
Full Formula (Cr2 Cd2 O8)
Reduced Formula: CrCdO4
abc   :   5.254806   5.254806   7.070672
angles:  90.000000  90.000000 114.607513
pbc   :       True       True       True
Sites (12)
  #  SP           a         b         c
---  ----  --------  --------  --------
  0  Cr    0.64226   0.35774   0.25
  1  Cr    0.35774   0.64226   0.75
  2  Cd    0         0         0.5
  3  Cd    0         0         0
  4  O     0.708294  0.776949  0.75
  5  O     0.291706  0.223051  0.25
  6  O     0.776949  0.708294  0.25
  7  O     0.223051  0.291706  0.75
  8  O     0.253068  0.746932  0.936905
  9  O     0.746932  0.253068  0.436905
 10  O     0.746932  0.253068  0.063095
 11  O     0.253068  0.746932  0.563095
